# JRE version: OpenJDK Runtime Environment Temurin-11.0.14.1+1 (11.0.14.1+1) (build 11.0.14.1+1)
# Java VM: OpenJDK 64-Bit Server VM Temurin-11.0.14.1+1 (11.0.14.1+1, mixed mode, tiered, compressed oops, g1 gc, windows-amd64)
Heap:
 garbage-first heap   total 315392K, used 159289K [0x0000000701e00000, 0x0000000800000000)
  region size 1024K, 134 young (137216K), 12 survivors (12288K)
 Metaspace       used 79772K, capacity 82046K, committed 82352K, reserved 1120256K
  class space    used 10020K, capacity 10910K, committed 11008K, reserved 1048576K
GC Heap History (20 events):
Event: 4.798 GC heap before
{Heap before GC invocations=3 (full 0):
 garbage-first heap   total 262144K, used 44843K [0x0000000701e00000, 0x0000000800000000)
  region size 1024K, 36 young (36864K), 2 survivors (2048K)
 Metaspace       used 20503K, capacity 21089K, committed 21296K, reserved 1069056K
  class space    used 2102K, capacity 2322K, committed 2432K, reserved 1048576K
}
Event: 4.804 GC heap after
{Heap after GC invocations=4 (full 0):
 garbage-first heap   total 262144K, used 11648K [0x0000000701e00000, 0x0000000800000000)
  region size 1024K, 3 young (3072K), 3 survivors (3072K)
 Metaspace       used 20503K, capacity 21089K, committed 21296K, reserved 1069056K
  class space    used 2102K, capacity 2322K, committed 2432K, reserved 1048576K
}
Event: 6.345 GC heap before
{Heap before GC invocations=5 (full 0):
 garbage-first heap   total 262144K, used 88448K [0x0000000701e00000, 0x0000000800000000)
  region size 1024K, 78 young (79872K), 3 survivors (3072K)
 Metaspace       used 26107K, capacity 26972K, committed 27312K, reserved 1073152K
  class space    used 2893K, capacity 3221K, committed 3328K, reserved 1048576K
}
Event: 6.352 GC heap after
{Heap after GC invocations=6 (full 0):
 garbage-first heap   total 262144K, used 13250K [0x0000000701e00000, 0x0000000800000000)
  region size 1024K, 5 young (5120K), 5 survivors (5120K)
 Metaspace       used 26107K, capacity 26972K, committed 27312K, reserved 1073152K
  class space    used 2893K, capacity 3221K, committed 3328K, reserved 1048576K
}
Event: 7.642 GC heap before
{Heap before GC invocations=6 (full 0):
 garbage-first heap   total 262144K, used 129986K [0x0000000701e00000, 0x0000000800000000)
  region size 1024K, 119 young (121856K), 5 survivors (5120K)
 Metaspace       used 33418K, capacity 34470K, committed 34608K, reserved 1079296K
  class space    used 3818K, capacity 4206K, committed 4224K, reserved 1048576K
}
Event: 7.661 GC heap after
{Heap after GC invocations=7 (full 0):
 garbage-first heap   total 262144K, used 15625K [0x0000000701e00000, 0x0000000800000000)
  region size 1024K, 7 young (7168K), 7 survivors (7168K)
 Metaspace       used 33418K, capacity 34470K, committed 34608K, reserved 1079296K
  class space    used 3818K, capacity 4206K, committed 4224K, reserved 1048576K
}
Event: 7.915 GC heap before
{Heap before GC invocations=7 (full 0):
 garbage-first heap   total 262144K, used 41225K [0x0000000701e00000, 0x0000000800000000)
  region size 1024K, 33 young (33792K), 7 survivors (7168K)
 Metaspace       used 34779K, capacity 35782K, committed 35888K, reserved 1081344K
  class space    used 4000K, capacity 4387K, committed 4480K, reserved 1048576K
}
Event: 7.930 GC heap after
{Heap after GC invocations=8 (full 0):
 garbage-first heap   total 262144K, used 15890K [0x0000000701e00000, 0x0000000800000000)
  region size 1024K, 7 young (7168K), 7 survivors (7168K)
 Metaspace       used 34779K, capacity 35782K, committed 35888K, reserved 1081344K
  class space    used 4000K, capacity 4387K, committed 4480K, reserved 1048576K
}
Event: 11.102 GC heap before
{Heap before GC invocations=9 (full 0):
 garbage-first heap   total 262144K, used 165394K [0x0000000701e00000, 0x0000000800000000)
  region size 1024K, 153 young (156672K), 7 survivors (7168K)
 Metaspace       used 41548K, capacity 42850K, committed 43056K, reserved 1087488K
  class space    used 4899K, capacity 5426K, committed 5504K, reserved 1048576K
}
Event: 11.117 GC heap after
{Heap after GC invocations=10 (full 0):
 garbage-first heap   total 262144K, used 19451K [0x0000000701e00000, 0x0000000800000000)
  region size 1024K, 11 young (11264K), 11 survivors (11264K)
 Metaspace       used 41548K, capacity 42850K, committed 43056K, reserved 1087488K
  class space    used 4899K, capacity 5426K, committed 5504K, reserved 1048576K
}
Event: 14.751 GC heap before
{Heap before GC invocations=10 (full 0):
 garbage-first heap   total 262144K, used 163835K [0x0000000701e00000, 0x0000000800000000)
  region size 1024K, 153 young (156672K), 11 survivors (11264K)
 Metaspace       used 53881K, capacity 55343K, committed 55472K, reserved 1097728K
  class space    used 6579K, capacity 7156K, committed 7168K, reserved 1048576K
}
Event: 14.769 GC heap after
{Heap after GC invocations=11 (full 0):
 garbage-first heap   total 262144K, used 23639K [0x0000000701e00000, 0x0000000800000000)
  region size 1024K, 15 young (15360K), 15 survivors (15360K)
 Metaspace       used 53881K, capacity 55343K, committed 55472K, reserved 1097728K
  class space    used 6579K, capacity 7156K, committed 7168K, reserved 1048576K
}
Event: 16.087 GC heap before
{Heap before GC invocations=11 (full 0):
 garbage-first heap   total 262144K, used 96343K [0x0000000701e00000, 0x0000000800000000)
  region size 1024K, 88 young (90112K), 15 survivors (15360K)
 Metaspace       used 58645K, capacity 60115K, committed 60208K, reserved 1101824K
  class space    used 7154K, capacity 7742K, committed 7808K, reserved 1048576K
}
Event: 16.123 GC heap after
{Heap after GC invocations=12 (full 0):
 garbage-first heap   total 315392K, used 24805K [0x0000000701e00000, 0x0000000800000000)
  region size 1024K, 10 young (10240K), 10 survivors (10240K)
 Metaspace       used 58645K, capacity 60115K, committed 60208K, reserved 1101824K
  class space    used 7154K, capacity 7742K, committed 7808K, reserved 1048576K
}
Event: 19.886 GC heap before
{Heap before GC invocations=13 (full 0):
 garbage-first heap   total 315392K, used 202981K [0x0000000701e00000, 0x0000000800000000)
  region size 1024K, 184 young (188416K), 10 survivors (10240K)
 Metaspace       used 67575K, capacity 69569K, committed 69680K, reserved 1110016K
  class space    used 8479K, capacity 9247K, committed 9344K, reserved 1048576K
}
Event: 19.935 GC heap after
{Heap after GC invocations=14 (full 0):
 garbage-first heap   total 315392K, used 30215K [0x0000000701e00000, 0x0000000800000000)
  region size 1024K, 16 young (16384K), 16 survivors (16384K)
 Metaspace       used 67575K, capacity 69569K, committed 69680K, reserved 1110016K
  class space    used 8479K, capacity 9247K, committed 9344K, reserved 1048576K
}
Event: 23.165 GC heap before
{Heap before GC invocations=14 (full 0):
 garbage-first heap   total 315392K, used 203271K [0x0000000701e00000, 0x0000000800000000)
  region size 1024K, 184 young (188416K), 16 survivors (16384K)
 Metaspace       used 71966K, capacity 74030K, committed 74288K, reserved 1114112K
  class space    used 8991K, capacity 9833K, committed 9856K, reserved 1048576K
}
Event: 23.189 GC heap after
{Heap after GC invocations=15 (full 0):
 garbage-first heap   total 315392K, used 33873K [0x0000000701e00000, 0x0000000800000000)
  region size 1024K, 15 young (15360K), 15 survivors (15360K)
 Metaspace       used 71966K, capacity 74030K, committed 74288K, reserved 1114112K
  class space    used 8991K, capacity 9833K, committed 9856K, reserved 1048576K
}
Event: 25.243 GC heap before
{Heap before GC invocations=15 (full 0):
 garbage-first heap   total 315392K, used 208977K [0x0000000701e00000, 0x0000000800000000)
  region size 1024K, 184 young (188416K), 15 survivors (15360K)
 Metaspace       used 72633K, capacity 74675K, committed 74928K, reserved 1114112K
  class space    used 9052K, capacity 9873K, committed 9984K, reserved 1048576K
}
Event: 25.259 GC heap after
{Heap after GC invocations=16 (full 0):
 garbage-first heap   total 315392K, used 35385K [0x0000000701e00000, 0x0000000800000000)
  region size 1024K, 12 young (12288K), 12 survivors (12288K)
 Metaspace       used 72633K, capacity 74675K, committed 74928K, reserved 1114112K
  class space    used 9052K, capacity 9873K, committed 9984K, reserved 1048576K
}

