# JRE version: OpenJDK Runtime Environment Temurin-11.0.14.1+1 (11.0.14.1+1) (build 11.0.14.1+1)
# Java VM: OpenJDK 64-Bit Server VM Temurin-11.0.14.1+1 (11.0.14.1+1, mixed mode, tiered, compressed oops, g1 gc, windows-amd64)
Heap:
 garbage-first heap   total 262144K, used 112165K [0x0000000701e00000, 0x0000000800000000)
  region size 1024K, 105 young (107520K), 13 survivors (13312K)
 Metaspace       used 45982K, capacity 47622K, committed 47792K, reserved 1091584K
  class space    used 5707K, capacity 6325K, committed 6400K, reserved 1048576K
GC Heap History (12 events):
Event: 1.295 GC heap before
{Heap before GC invocations=0 (full 0):
 garbage-first heap   total 262144K, used 24576K [0x0000000701e00000, 0x0000000800000000)
  region size 1024K, 24 young (24576K), 0 survivors (0K)
 Metaspace       used 11363K, capacity 11558K, committed 11648K, reserved 1060864K
  class space    used 1031K, capacity 1127K, committed 1152K, reserved 1048576K
}
Event: 1.302 GC heap after
{Heap after GC invocations=1 (full 0):
 garbage-first heap   total 262144K, used 5810K [0x0000000701e00000, 0x0000000800000000)
  region size 1024K, 3 young (3072K), 3 survivors (3072K)
 Metaspace       used 11363K, capacity 11558K, committed 11648K, reserved 1060864K
  class space    used 1031K, capacity 1127K, committed 1152K, reserved 1048576K
}
Event: 2.805 GC heap before
{Heap before GC invocations=1 (full 0):
 garbage-first heap   total 262144K, used 85682K [0x0000000701e00000, 0x0000000800000000)
  region size 1024K, 82 young (83968K), 3 survivors (3072K)
 Metaspace       used 20449K, capacity 21121K, committed 21296K, reserved 1069056K
  class space    used 2113K, capacity 2355K, committed 2432K, reserved 1048576K
}
Event: 2.816 GC heap after
{Heap after GC invocations=2 (full 0):
 garbage-first heap   total 262144K, used 8389K [0x0000000701e00000, 0x0000000800000000)
  region size 1024K, 6 young (6144K), 6 survivors (6144K)
 Metaspace       used 20449K, capacity 21121K, committed 21296K, reserved 1069056K
  class space    used 2113K, capacity 2355K, committed 2432K, reserved 1048576K
}
Event: 4.795 GC heap before
{Heap before GC invocations=3 (full 0):
 garbage-first heap   total 262144K, used 88261K [0x0000000701e00000, 0x0000000800000000)
  region size 1024K, 84 young (86016K), 6 survivors (6144K)
 Metaspace       used 27897K, capacity 28870K, committed 29104K, reserved 1075200K
  class space    used 3081K, capacity 3477K, committed 3584K, reserved 1048576K
}
Event: 4.804 GC heap after
{Heap after GC invocations=4 (full 0):
 garbage-first heap   total 262144K, used 10424K [0x0000000701e00000, 0x0000000800000000)
  region size 1024K, 8 young (8192K), 8 survivors (8192K)
 Metaspace       used 27897K, capacity 28870K, committed 29104K, reserved 1075200K
  class space    used 3081K, capacity 3477K, committed 3584K, reserved 1048576K
}
Event: 6.343 GC heap before
{Heap before GC invocations=4 (full 0):
 garbage-first heap   total 262144K, used 110776K [0x0000000701e00000, 0x0000000800000000)
  region size 1024K, 106 young (108544K), 8 survivors (8192K)
 Metaspace       used 34025K, capacity 35147K, committed 35248K, reserved 1081344K
  class space    used 3865K, capacity 4301K, committed 4352K, reserved 1048576K
}
Event: 6.356 GC heap after
{Heap after GC invocations=5 (full 0):
 garbage-first heap   total 262144K, used 12800K [0x0000000701e00000, 0x0000000800000000)
  region size 1024K, 10 young (10240K), 10 survivors (10240K)
 Metaspace       used 34025K, capacity 35147K, committed 35248K, reserved 1081344K
  class space    used 3865K, capacity 4301K, committed 4352K, reserved 1048576K
}
Event: 6.538 GC heap before
{Heap before GC invocations=5 (full 0):
 garbage-first heap   total 262144K, used 19968K [0x0000000701e00000, 0x0000000800000000)
  region size 1024K, 18 young (18432K), 10 survivors (10240K)
 Metaspace       used 34667K, capacity 35787K, committed 35888K, reserved 1081344K
  class space    used 3944K, capacity 4381K, committed 4480K, reserved 1048576K
}
Event: 6.552 GC heap after
{Heap after GC invocations=6 (full 0):
 garbage-first heap   total 262144K, used 12978K [0x0000000701e00000, 0x0000000800000000)
  region size 1024K, 10 young (10240K), 10 survivors (10240K)
 Metaspace       used 34667K, capacity 35787K, committed 35888K, reserved 1081344K
  class space    used 3944K, capacity 4381K, committed 4480K, reserved 1048576K
}
Event: 9.376 GC heap before
{Heap before GC invocations=7 (full 0):
 garbage-first heap   total 262144K, used 145074K [0x0000000701e00000, 0x0000000800000000)
  region size 1024K, 139 young (142336K), 10 survivors (10240K)
 Metaspace       used 40524K, capacity 42075K, committed 42160K, reserved 1085440K
  class space    used 4729K, capacity 5319K, committed 5376K, reserved 1048576K
}
Event: 9.396 GC heap after
{Heap after GC invocations=8 (full 0):
 garbage-first heap   total 262144K, used 18981K [0x0000000701e00000, 0x0000000800000000)
  region size 1024K, 13 young (13312K), 13 survivors (13312K)
 Metaspace       used 40524K, capacity 42075K, committed 42160K, reserved 1085440K
  class space    used 4729K, capacity 5319K, committed 5376K, reserved 1048576K
}

